{"/Users/howardmann/Howie/practice/js_study_notes/lodash-examples/game.js":{"path":"/Users/howardmann/Howie/practice/js_study_notes/lodash-examples/game.js","s":{"1":1,"2":0,"3":0,"4":0,"5":0,"6":0,"7":0,"8":0,"9":0,"10":0,"11":0,"12":0,"13":0,"14":0,"15":0,"16":0,"17":0,"18":0,"19":0,"20":0,"21":0,"22":0,"23":0,"24":0,"25":0,"26":0,"27":0,"28":0,"29":0,"30":0,"31":0,"32":0,"33":0,"34":0,"35":0,"36":0,"37":0,"38":0,"39":0,"40":0,"41":0,"42":0,"43":0,"44":0,"45":0,"46":0,"47":0,"48":0,"49":0,"50":0,"51":0,"52":0,"53":0,"54":0,"55":0,"56":0,"57":0,"58":0,"59":0,"60":0,"61":0,"62":0,"63":0,"64":0,"65":0,"66":0,"67":0,"68":0,"69":0,"70":0,"71":0,"72":0,"73":0,"74":0,"75":0,"76":0,"77":0,"78":0,"79":0,"80":0,"81":0,"82":0,"83":0,"84":0,"85":0,"86":0,"87":0,"88":0,"89":0,"90":0,"91":0,"92":0,"93":0,"94":0,"95":0,"96":0,"97":0,"98":0,"99":0,"100":0,"101":0,"102":0,"103":0,"104":0,"105":0,"106":0,"107":0,"108":0,"109":0,"110":0,"111":0,"112":0,"113":0,"114":0,"115":0,"116":0,"117":1},"b":{"1":[0,0],"2":[0,0],"3":[0,0],"4":[0,0],"5":[0,0],"6":[0,0],"7":[0,0],"8":[0,0],"9":[0,0],"10":[0,0],"11":[0,0],"12":[0,0],"13":[0,0],"14":[0,0],"15":[0,0],"16":[0,0],"17":[0,0],"18":[0,0],"19":[0,0],"20":[0,0],"21":[0,0],"22":[0,0],"23":[0,0],"24":[0,0],"25":[0,0],"26":[0,0],"27":[0,0]},"f":{"1":0,"2":0,"3":0,"4":0,"5":0,"6":0,"7":0,"8":0,"9":0},"fnMap":{"1":{"name":"(anonymous_1)","line":4,"loc":{"start":{"line":4,"column":12},"end":{"line":4,"column":25}}},"2":{"name":"(anonymous_2)","line":15,"loc":{"start":{"line":15,"column":12},"end":{"line":15,"column":25}}},"3":{"name":"(anonymous_3)","line":19,"loc":{"start":{"line":19,"column":11},"end":{"line":19,"column":45}}},"4":{"name":"(anonymous_4)","line":30,"loc":{"start":{"line":30,"column":13},"end":{"line":30,"column":37}}},"5":{"name":"(anonymous_5)","line":52,"loc":{"start":{"line":52,"column":13},"end":{"line":52,"column":37}}},"6":{"name":"(anonymous_6)","line":72,"loc":{"start":{"line":72,"column":15},"end":{"line":72,"column":39}}},"7":{"name":"(anonymous_7)","line":114,"loc":{"start":{"line":114,"column":15},"end":{"line":114,"column":39}}},"8":{"name":"(anonymous_8)","line":158,"loc":{"start":{"line":158,"column":11},"end":{"line":158,"column":23}}},"9":{"name":"(anonymous_9)","line":167,"loc":{"start":{"line":167,"column":12},"end":{"line":167,"column":36}}}},"statementMap":{"1":{"start":{"line":3,"column":0},"end":{"line":185,"column":2}},"2":{"start":{"line":6,"column":4},"end":{"line":6,"column":40}},"3":{"start":{"line":7,"column":4},"end":{"line":9,"column":5}},"4":{"start":{"line":8,"column":6},"end":{"line":8,"column":41}},"5":{"start":{"line":11,"column":4},"end":{"line":11,"column":24}},"6":{"start":{"line":12,"column":4},"end":{"line":12,"column":34}},"7":{"start":{"line":13,"column":4},"end":{"line":13,"column":55}},"8":{"start":{"line":16,"column":4},"end":{"line":16,"column":22}},"9":{"start":{"line":17,"column":4},"end":{"line":17,"column":40}},"10":{"start":{"line":20,"column":4},"end":{"line":28,"column":5}},"11":{"start":{"line":21,"column":6},"end":{"line":21,"column":35}},"12":{"start":{"line":22,"column":11},"end":{"line":28,"column":5}},"13":{"start":{"line":23,"column":6},"end":{"line":23,"column":42}},"14":{"start":{"line":24,"column":6},"end":{"line":24,"column":40}},"15":{"start":{"line":25,"column":6},"end":{"line":25,"column":91}},"16":{"start":{"line":27,"column":6},"end":{"line":27,"column":48}},"17":{"start":{"line":31,"column":4},"end":{"line":50,"column":5}},"18":{"start":{"line":32,"column":6},"end":{"line":32,"column":20}},"19":{"start":{"line":33,"column":6},"end":{"line":33,"column":25}},"20":{"start":{"line":34,"column":6},"end":{"line":49,"column":7}},"21":{"start":{"line":35,"column":8},"end":{"line":41,"column":9}},"22":{"start":{"line":36,"column":10},"end":{"line":36,"column":18}},"23":{"start":{"line":37,"column":10},"end":{"line":37,"column":46}},"24":{"start":{"line":39,"column":10},"end":{"line":39,"column":20}},"25":{"start":{"line":40,"column":10},"end":{"line":40,"column":29}},"26":{"start":{"line":42,"column":8},"end":{"line":48,"column":9}},"27":{"start":{"line":43,"column":10},"end":{"line":43,"column":54}},"28":{"start":{"line":44,"column":10},"end":{"line":44,"column":32}},"29":{"start":{"line":45,"column":10},"end":{"line":45,"column":36}},"30":{"start":{"line":46,"column":10},"end":{"line":46,"column":34}},"31":{"start":{"line":47,"column":10},"end":{"line":47,"column":22}},"32":{"start":{"line":53,"column":4},"end":{"line":70,"column":5}},"33":{"start":{"line":54,"column":6},"end":{"line":54,"column":20}},"34":{"start":{"line":55,"column":6},"end":{"line":55,"column":25}},"35":{"start":{"line":56,"column":6},"end":{"line":69,"column":7}},"36":{"start":{"line":57,"column":8},"end":{"line":63,"column":9}},"37":{"start":{"line":58,"column":10},"end":{"line":58,"column":18}},"38":{"start":{"line":59,"column":10},"end":{"line":59,"column":46}},"39":{"start":{"line":61,"column":10},"end":{"line":61,"column":20}},"40":{"start":{"line":62,"column":10},"end":{"line":62,"column":29}},"41":{"start":{"line":64,"column":8},"end":{"line":68,"column":9}},"42":{"start":{"line":65,"column":10},"end":{"line":65,"column":53}},"43":{"start":{"line":66,"column":10},"end":{"line":66,"column":32}},"44":{"start":{"line":67,"column":10},"end":{"line":67,"column":22}},"45":{"start":{"line":73,"column":4},"end":{"line":73,"column":35}},"46":{"start":{"line":74,"column":4},"end":{"line":74,"column":47}},"47":{"start":{"line":76,"column":4},"end":{"line":93,"column":5}},"48":{"start":{"line":77,"column":6},"end":{"line":77,"column":20}},"49":{"start":{"line":78,"column":6},"end":{"line":78,"column":25}},"50":{"start":{"line":79,"column":6},"end":{"line":92,"column":7}},"51":{"start":{"line":80,"column":8},"end":{"line":86,"column":9}},"52":{"start":{"line":81,"column":10},"end":{"line":81,"column":18}},"53":{"start":{"line":82,"column":10},"end":{"line":82,"column":46}},"54":{"start":{"line":84,"column":10},"end":{"line":84,"column":20}},"55":{"start":{"line":85,"column":10},"end":{"line":85,"column":29}},"56":{"start":{"line":87,"column":8},"end":{"line":91,"column":9}},"57":{"start":{"line":88,"column":10},"end":{"line":88,"column":47}},"58":{"start":{"line":89,"column":10},"end":{"line":89,"column":32}},"59":{"start":{"line":90,"column":10},"end":{"line":90,"column":22}},"60":{"start":{"line":95,"column":4},"end":{"line":112,"column":5}},"61":{"start":{"line":96,"column":6},"end":{"line":96,"column":20}},"62":{"start":{"line":97,"column":6},"end":{"line":97,"column":25}},"63":{"start":{"line":98,"column":6},"end":{"line":111,"column":7}},"64":{"start":{"line":99,"column":8},"end":{"line":105,"column":9}},"65":{"start":{"line":100,"column":10},"end":{"line":100,"column":18}},"66":{"start":{"line":101,"column":10},"end":{"line":101,"column":46}},"67":{"start":{"line":103,"column":10},"end":{"line":103,"column":20}},"68":{"start":{"line":104,"column":10},"end":{"line":104,"column":29}},"69":{"start":{"line":106,"column":8},"end":{"line":110,"column":9}},"70":{"start":{"line":107,"column":10},"end":{"line":107,"column":47}},"71":{"start":{"line":108,"column":10},"end":{"line":108,"column":32}},"72":{"start":{"line":109,"column":10},"end":{"line":109,"column":22}},"73":{"start":{"line":115,"column":4},"end":{"line":115,"column":35}},"74":{"start":{"line":116,"column":4},"end":{"line":116,"column":47}},"75":{"start":{"line":119,"column":4},"end":{"line":136,"column":5}},"76":{"start":{"line":120,"column":6},"end":{"line":120,"column":20}},"77":{"start":{"line":121,"column":6},"end":{"line":121,"column":25}},"78":{"start":{"line":122,"column":6},"end":{"line":135,"column":7}},"79":{"start":{"line":123,"column":8},"end":{"line":129,"column":9}},"80":{"start":{"line":124,"column":10},"end":{"line":124,"column":18}},"81":{"start":{"line":125,"column":10},"end":{"line":125,"column":46}},"82":{"start":{"line":127,"column":10},"end":{"line":127,"column":20}},"83":{"start":{"line":128,"column":10},"end":{"line":128,"column":29}},"84":{"start":{"line":130,"column":8},"end":{"line":134,"column":9}},"85":{"start":{"line":131,"column":10},"end":{"line":131,"column":47}},"86":{"start":{"line":132,"column":10},"end":{"line":132,"column":32}},"87":{"start":{"line":133,"column":10},"end":{"line":133,"column":22}},"88":{"start":{"line":138,"column":4},"end":{"line":156,"column":5}},"89":{"start":{"line":139,"column":6},"end":{"line":139,"column":20}},"90":{"start":{"line":140,"column":6},"end":{"line":140,"column":25}},"91":{"start":{"line":141,"column":6},"end":{"line":155,"column":7}},"92":{"start":{"line":143,"column":8},"end":{"line":149,"column":9}},"93":{"start":{"line":144,"column":10},"end":{"line":144,"column":18}},"94":{"start":{"line":145,"column":10},"end":{"line":145,"column":46}},"95":{"start":{"line":147,"column":10},"end":{"line":147,"column":20}},"96":{"start":{"line":148,"column":10},"end":{"line":148,"column":29}},"97":{"start":{"line":150,"column":8},"end":{"line":154,"column":9}},"98":{"start":{"line":151,"column":10},"end":{"line":151,"column":47}},"99":{"start":{"line":152,"column":10},"end":{"line":152,"column":32}},"100":{"start":{"line":153,"column":10},"end":{"line":153,"column":22}},"101":{"start":{"line":159,"column":4},"end":{"line":159,"column":21}},"102":{"start":{"line":160,"column":4},"end":{"line":164,"column":5}},"103":{"start":{"line":161,"column":6},"end":{"line":163,"column":7}},"104":{"start":{"line":162,"column":8},"end":{"line":162,"column":21}},"105":{"start":{"line":165,"column":4},"end":{"line":165,"column":17}},"106":{"start":{"line":168,"column":4},"end":{"line":170,"column":5}},"107":{"start":{"line":169,"column":6},"end":{"line":169,"column":18}},"108":{"start":{"line":171,"column":4},"end":{"line":173,"column":5}},"109":{"start":{"line":172,"column":6},"end":{"line":172,"column":18}},"110":{"start":{"line":174,"column":4},"end":{"line":176,"column":5}},"111":{"start":{"line":175,"column":6},"end":{"line":175,"column":18}},"112":{"start":{"line":177,"column":4},"end":{"line":179,"column":5}},"113":{"start":{"line":178,"column":6},"end":{"line":178,"column":18}},"114":{"start":{"line":180,"column":4},"end":{"line":183,"column":5}},"115":{"start":{"line":181,"column":6},"end":{"line":181,"column":41}},"116":{"start":{"line":182,"column":6},"end":{"line":182,"column":18}},"117":{"start":{"line":187,"column":0},"end":{"line":189,"column":1}}},"branchMap":{"1":{"line":6,"type":"binary-expr","locations":[{"start":{"line":6,"column":17},"end":{"line":6,"column":27}},{"start":{"line":6,"column":31},"end":{"line":6,"column":39}}]},"2":{"line":20,"type":"if","locations":[{"start":{"line":20,"column":4},"end":{"line":20,"column":4}},{"start":{"line":20,"column":4},"end":{"line":20,"column":4}}]},"3":{"line":22,"type":"if","locations":[{"start":{"line":22,"column":11},"end":{"line":22,"column":11}},{"start":{"line":22,"column":11},"end":{"line":22,"column":11}}]},"4":{"line":35,"type":"if","locations":[{"start":{"line":35,"column":8},"end":{"line":35,"column":8}},{"start":{"line":35,"column":8},"end":{"line":35,"column":8}}]},"5":{"line":42,"type":"if","locations":[{"start":{"line":42,"column":8},"end":{"line":42,"column":8}},{"start":{"line":42,"column":8},"end":{"line":42,"column":8}}]},"6":{"line":57,"type":"if","locations":[{"start":{"line":57,"column":8},"end":{"line":57,"column":8}},{"start":{"line":57,"column":8},"end":{"line":57,"column":8}}]},"7":{"line":64,"type":"if","locations":[{"start":{"line":64,"column":8},"end":{"line":64,"column":8}},{"start":{"line":64,"column":8},"end":{"line":64,"column":8}}]},"8":{"line":79,"type":"binary-expr","locations":[{"start":{"line":79,"column":40},"end":{"line":79,"column":52}},{"start":{"line":79,"column":56},"end":{"line":79,"column":68}}]},"9":{"line":80,"type":"if","locations":[{"start":{"line":80,"column":8},"end":{"line":80,"column":8}},{"start":{"line":80,"column":8},"end":{"line":80,"column":8}}]},"10":{"line":87,"type":"if","locations":[{"start":{"line":87,"column":8},"end":{"line":87,"column":8}},{"start":{"line":87,"column":8},"end":{"line":87,"column":8}}]},"11":{"line":98,"type":"binary-expr","locations":[{"start":{"line":98,"column":40},"end":{"line":98,"column":52}},{"start":{"line":98,"column":56},"end":{"line":98,"column":68}}]},"12":{"line":99,"type":"if","locations":[{"start":{"line":99,"column":8},"end":{"line":99,"column":8}},{"start":{"line":99,"column":8},"end":{"line":99,"column":8}}]},"13":{"line":106,"type":"if","locations":[{"start":{"line":106,"column":8},"end":{"line":106,"column":8}},{"start":{"line":106,"column":8},"end":{"line":106,"column":8}}]},"14":{"line":122,"type":"binary-expr","locations":[{"start":{"line":122,"column":51},"end":{"line":122,"column":63}},{"start":{"line":122,"column":67},"end":{"line":122,"column":75}}]},"15":{"line":123,"type":"if","locations":[{"start":{"line":123,"column":8},"end":{"line":123,"column":8}},{"start":{"line":123,"column":8},"end":{"line":123,"column":8}}]},"16":{"line":130,"type":"if","locations":[{"start":{"line":130,"column":8},"end":{"line":130,"column":8}},{"start":{"line":130,"column":8},"end":{"line":130,"column":8}}]},"17":{"line":141,"type":"binary-expr","locations":[{"start":{"line":141,"column":40},"end":{"line":141,"column":48}},{"start":{"line":141,"column":52},"end":{"line":141,"column":71}}]},"18":{"line":142,"type":"binary-expr","locations":[{"start":{"line":142,"column":9},"end":{"line":142,"column":14}},{"start":{"line":142,"column":18},"end":{"line":142,"column":23}}]},"19":{"line":143,"type":"if","locations":[{"start":{"line":143,"column":8},"end":{"line":143,"column":8}},{"start":{"line":143,"column":8},"end":{"line":143,"column":8}}]},"20":{"line":150,"type":"if","locations":[{"start":{"line":150,"column":8},"end":{"line":150,"column":8}},{"start":{"line":150,"column":8},"end":{"line":150,"column":8}}]},"21":{"line":161,"type":"if","locations":[{"start":{"line":161,"column":6},"end":{"line":161,"column":6}},{"start":{"line":161,"column":6},"end":{"line":161,"column":6}}]},"22":{"line":168,"type":"if","locations":[{"start":{"line":168,"column":4},"end":{"line":168,"column":4}},{"start":{"line":168,"column":4},"end":{"line":168,"column":4}}]},"23":{"line":171,"type":"if","locations":[{"start":{"line":171,"column":4},"end":{"line":171,"column":4}},{"start":{"line":171,"column":4},"end":{"line":171,"column":4}}]},"24":{"line":174,"type":"if","locations":[{"start":{"line":174,"column":4},"end":{"line":174,"column":4}},{"start":{"line":174,"column":4},"end":{"line":174,"column":4}}]},"25":{"line":177,"type":"if","locations":[{"start":{"line":177,"column":4},"end":{"line":177,"column":4}},{"start":{"line":177,"column":4},"end":{"line":177,"column":4}}]},"26":{"line":180,"type":"if","locations":[{"start":{"line":180,"column":4},"end":{"line":180,"column":4}},{"start":{"line":180,"column":4},"end":{"line":180,"column":4}}]},"27":{"line":180,"type":"binary-expr","locations":[{"start":{"line":180,"column":8},"end":{"line":180,"column":20}},{"start":{"line":180,"column":24},"end":{"line":180,"column":38}}]}}}}